<?xml version="1.0" encoding="UTF-8"?>
<testng-results skipped="0" failed="0" total="1" passed="1">
  <reporter-output>
  </reporter-output>
  <suite name="Default suite" duration-ms="19420" started-at="2018-03-20T09:52:09Z" finished-at="2018-03-20T09:52:29Z">
    <groups>
    </groups>
    <test name="Default test" duration-ms="19420" started-at="2018-03-20T09:52:09Z" finished-at="2018-03-20T09:52:29Z">
      <class name="sample1.Coding3">
        <test-method status="PASS" signature="loginchecker()[pri:0, instance:sample1.Coding3@2f686d1f]" name="loginchecker" duration-ms="19420" started-at="2018-03-20T15:22:09Z" finished-at="2018-03-20T15:22:29Z">
          <reporter-output>
          </reporter-output>
        </test-method> <!-- loginchecker -->
      </class> <!-- sample1.Coding3 -->
    </test> <!-- Default test -->
  </suite> <!-- Default suite -->
</testng-results>
